  main.cpp
  orientation.cpp
c:\users\hyunho\source\repos\fingerprint_recognition\fingerprint_recognition\orientation.cpp(71): warning C4244: '초기화 중': 'double'에서 'float'(으)로 변환하면서 데이터가 손실될 수 있습니다.
c:\users\hyunho\source\repos\fingerprint_recognition\fingerprint_recognition\orientation.cpp(84): warning C4244: '=': 'int'에서 '_Tp'(으)로 변환하면서 데이터가 손실될 수 있습니다.
          with
          [
              _Tp=float
          ]
c:\users\hyunho\source\repos\fingerprint_recognition\fingerprint_recognition\orientation.cpp(100): warning C4244: '=': 'double'에서 '_Tp'(으)로 변환하면서 데이터가 손실될 수 있습니다.
          with
          [
              _Tp=float
          ]
c:\users\hyunho\source\repos\fingerprint_recognition\fingerprint_recognition\orientation.cpp(104): warning C4244: '초기화 중': 'double'에서 'int'(으)로 변환하면서 데이터가 손실될 수 있습니다.
c:\users\hyunho\source\repos\fingerprint_recognition\fingerprint_recognition\orientation.cpp(105): warning C4244: '초기화 중': 'double'에서 'float'(으)로 변환하면서 데이터가 손실될 수 있습니다.
c:\users\hyunho\source\repos\fingerprint_recognition\fingerprint_recognition\orientation.cpp(106): warning C4244: '초기화 중': 'double'에서 'float'(으)로 변환하면서 데이터가 손실될 수 있습니다.
c:\users\hyunho\source\repos\fingerprint_recognition\fingerprint_recognition\orientation.cpp(107): warning C4244: '인수': 'float'에서 '_Tp'(으)로 변환하면서 데이터가 손실될 수 있습니다.
          with
          [
              _Tp=int
          ]
  코드를 생성하고 있습니다...
  LINK : C:\Users\HYUNHO\source\repos\Fingerprint_Recognition\x64\Debug\Fingerprint_Recognition.exe을(를) 찾을 수 없거나 마지막 증분 링크에 의해 빌드되지 않았습니다. 전체 링크를 수행하고 있습니다.
  Fingerprint_Recognition.vcxproj -> C:\Users\HYUNHO\source\repos\Fingerprint_Recognition\x64\Debug\Fingerprint_Recognition.exe
